0 info it worked if it ends with ok
1 verbose cli [ '/home/etech/.nvm/versions/node/v7.5.0/bin/node',
1 verbose cli   '/home/etech/.nvm/versions/node/v7.5.0/bin/npm',
1 verbose cli   'run',
1 verbose cli   'deploy' ]
2 info using npm@4.1.2
3 info using node@v7.5.0
4 verbose run-script [ 'predeploy', 'deploy', 'postdeploy' ]
5 info lifecycle ExoCreate@1.0.0~predeploy: ExoCreate@1.0.0
6 silly lifecycle ExoCreate@1.0.0~predeploy: no script for predeploy, continuing
7 info lifecycle ExoCreate@1.0.0~deploy: ExoCreate@1.0.0
8 verbose lifecycle ExoCreate@1.0.0~deploy: unsafe-perm in lifecycle true
9 verbose lifecycle ExoCreate@1.0.0~deploy: PATH: /home/etech/.nvm/versions/node/v7.5.0/lib/node_modules/npm/bin/node-gyp-bin:/var/www/html/client_projects_closed/client_uncircled/exo_quickplan/node_modules/.bin:/home/etech/.nvm/versions/node/v7.5.0/bin:/usr/local/sbin:/usr/local/bin:/usr/sbin:/usr/bin:/sbin:/bin:/usr/games:/usr/local/games:/usr/lib/jvm/java-7-oracle/bin:/usr/lib/jvm/java-7-oracle/db/bin:/usr/lib/jvm/java-7-oracle/jre/bin
10 verbose lifecycle ExoCreate@1.0.0~deploy: CWD: /var/www/html/client_projects_closed/client_uncircled/exo_quickplan
11 silly lifecycle ExoCreate@1.0.0~deploy: Args: [ '-c', 'npm run build && npm run start:production' ]
12 silly lifecycle ExoCreate@1.0.0~deploy: Returned: code: 1  signal: null
13 info lifecycle ExoCreate@1.0.0~deploy: Failed to exec deploy script
14 verbose stack Error: ExoCreate@1.0.0 deploy: `npm run build && npm run start:production`
14 verbose stack Exit status 1
14 verbose stack     at EventEmitter.<anonymous> (/home/etech/.nvm/versions/node/v7.5.0/lib/node_modules/npm/lib/utils/lifecycle.js:279:16)
14 verbose stack     at emitTwo (events.js:106:13)
14 verbose stack     at EventEmitter.emit (events.js:192:7)
14 verbose stack     at ChildProcess.<anonymous> (/home/etech/.nvm/versions/node/v7.5.0/lib/node_modules/npm/lib/utils/spawn.js:40:14)
14 verbose stack     at emitTwo (events.js:106:13)
14 verbose stack     at ChildProcess.emit (events.js:192:7)
14 verbose stack     at maybeClose (internal/child_process.js:890:16)
14 verbose stack     at Process.ChildProcess._handle.onexit (internal/child_process.js:226:5)
15 verbose pkgid ExoCreate@1.0.0
16 verbose cwd /var/www/html/client_projects_closed/client_uncircled/exo_quickplan
17 error Linux 4.4.0-31-generic
18 error argv "/home/etech/.nvm/versions/node/v7.5.0/bin/node" "/home/etech/.nvm/versions/node/v7.5.0/bin/npm" "run" "deploy"
19 error node v7.5.0
20 error npm  v4.1.2
21 error code ELIFECYCLE
22 error ExoCreate@1.0.0 deploy: `npm run build && npm run start:production`
22 error Exit status 1
23 error Failed at the ExoCreate@1.0.0 deploy script 'npm run build && npm run start:production'.
23 error Make sure you have the latest version of node.js and npm installed.
23 error If you do, this is most likely a problem with the ExoCreate package,
23 error not with npm itself.
23 error Tell the author that this fails on your system:
23 error     npm run build && npm run start:production
23 error You can get information on how to open an issue for this project with:
23 error     npm bugs ExoCreate
23 error Or if that isn't available, you can get their info via:
23 error     npm owner ls ExoCreate
23 error There is likely additional logging output above.
24 verbose exit [ 1, true ]
